Determining if the pthread_create exist failed with the following output:
Change Dir: /home/gun2/catkin_ws/build/CMakeFiles/CMakeTmp

Run Build Command:"/usr/bin/make" "cmTC_933d7/fast"
/usr/bin/make -f CMakeFiles/cmTC_933d7.dir/build.make CMakeFiles/cmTC_933d7.dir/build
make[1]: 디렉터리 '/home/gun2/catkin_ws/build/CMakeFiles/CMakeTmp' 들어감
Building C object CMakeFiles/cmTC_933d7.dir/CheckSymbolExists.c.o
/usr/bin/cc     -o CMakeFiles/cmTC_933d7.dir/CheckSymbolExists.c.o   -c /home/gun2/catkin_ws/build/CMakeFiles/CMakeTmp/CheckSymbolExists.c
Linking C executable cmTC_933d7
/usr/bin/cmake -E cmake_link_script CMakeFiles/cmTC_933d7.dir/link.txt --verbose=1
/usr/bin/cc       CMakeFiles/cmTC_933d7.dir/CheckSymbolExists.c.o  -o cmTC_933d7 -rdynamic 
CMakeFiles/cmTC_933d7.dir/CheckSymbolExists.c.o: In function `main':
CheckSymbolExists.c:(.text+0x16): undefined reference to `pthread_create'
collect2: error: ld returned 1 exit status
CMakeFiles/cmTC_933d7.dir/build.make:97: 'cmTC_933d7' 타겟에 대한 명령이 실패했습니다
make[1]: *** [cmTC_933d7] 오류 1
make[1]: 디렉터리 '/home/gun2/catkin_ws/build/CMakeFiles/CMakeTmp' 나감
Makefile:126: 'cmTC_933d7/fast' 타겟에 대한 명령이 실패했습니다
make: *** [cmTC_933d7/fast] 오류 2

File /home/gun2/catkin_ws/build/CMakeFiles/CMakeTmp/CheckSymbolExists.c:
/* */
#include <pthread.h>

int main(int argc, char** argv)
{
  (void)argv;
#ifndef pthread_create
  return ((int*)(&pthread_create))[argc];
#else
  (void)argc;
  return 0;
#endif
}

Determining if the function pthread_create exists in the pthreads failed with the following output:
Change Dir: /home/gun2/catkin_ws/build/CMakeFiles/CMakeTmp

Run Build Command:"/usr/bin/make" "cmTC_8b606/fast"
/usr/bin/make -f CMakeFiles/cmTC_8b606.dir/build.make CMakeFiles/cmTC_8b606.dir/build
make[1]: 디렉터리 '/home/gun2/catkin_ws/build/CMakeFiles/CMakeTmp' 들어감
Building C object CMakeFiles/cmTC_8b606.dir/CheckFunctionExists.c.o
/usr/bin/cc    -DCHECK_FUNCTION_EXISTS=pthread_create   -o CMakeFiles/cmTC_8b606.dir/CheckFunctionExists.c.o   -c /usr/share/cmake-3.5/Modules/CheckFunctionExists.c
Linking C executable cmTC_8b606
/usr/bin/cmake -E cmake_link_script CMakeFiles/cmTC_8b606.dir/link.txt --verbose=1
/usr/bin/cc   -DCHECK_FUNCTION_EXISTS=pthread_create    CMakeFiles/cmTC_8b606.dir/CheckFunctionExists.c.o  -o cmTC_8b606 -rdynamic -lpthreads 
/usr/bin/ld: cannot find -lpthreads
collect2: error: ld returned 1 exit status
CMakeFiles/cmTC_8b606.dir/build.make:97: 'cmTC_8b606' 타겟에 대한 명령이 실패했습니다
make[1]: *** [cmTC_8b606] 오류 1
make[1]: 디렉터리 '/home/gun2/catkin_ws/build/CMakeFiles/CMakeTmp' 나감
Makefile:126: 'cmTC_8b606/fast' 타겟에 대한 명령이 실패했습니다
make: *** [cmTC_8b606/fast] 오류 2


Determining if the Q_WS_WIN exist failed with the following output:
Change Dir: /home/gun2/catkin_ws/build/CMakeFiles/CMakeTmp

Run Build Command:"/usr/bin/make" "cmTC_902f6/fast"
make[1]: 디렉터리 '/home/gun2/catkin_ws/build/CMakeFiles/CMakeTmp' 들어감
/usr/bin/make -f CMakeFiles/cmTC_902f6.dir/build.make CMakeFiles/cmTC_902f6.dir/build
make[2]: 디렉터리 '/home/gun2/catkin_ws/build/CMakeFiles/CMakeTmp' 들어감
Building CXX object CMakeFiles/cmTC_902f6.dir/CheckSymbolExists.cxx.o
/usr/bin/c++    -I/usr/include/qt4   -o CMakeFiles/cmTC_902f6.dir/CheckSymbolExists.cxx.o -c /home/gun2/catkin_ws/build/CMakeFiles/CMakeTmp/CheckSymbolExists.cxx
/home/gun2/catkin_ws/build/CMakeFiles/CMakeTmp/CheckSymbolExists.cxx: In function ‘int main(int, char**)’:
/home/gun2/catkin_ws/build/CMakeFiles/CMakeTmp/CheckSymbolExists.cxx:8:19: error: ‘Q_WS_WIN’ was not declared in this scope
   return ((int*)(&Q_WS_WIN))[argc];
                   ^
CMakeFiles/cmTC_902f6.dir/build.make:65: 'CMakeFiles/cmTC_902f6.dir/CheckSymbolExists.cxx.o' 타겟에 대한 명령이 실패했습니다
make[2]: *** [CMakeFiles/cmTC_902f6.dir/CheckSymbolExists.cxx.o] 오류 1
make[2]: 디렉터리 '/home/gun2/catkin_ws/build/CMakeFiles/CMakeTmp' 나감
Makefile:126: 'cmTC_902f6/fast' 타겟에 대한 명령이 실패했습니다
make[1]: *** [cmTC_902f6/fast] 오류 2
make[1]: 디렉터리 '/home/gun2/catkin_ws/build/CMakeFiles/CMakeTmp' 나감

File /home/gun2/catkin_ws/build/CMakeFiles/CMakeTmp/CheckSymbolExists.cxx:
/* */
#include <QtCore/qglobal.h>

int main(int argc, char** argv)
{
  (void)argv;
#ifndef Q_WS_WIN
  return ((int*)(&Q_WS_WIN))[argc];
#else
  (void)argc;
  return 0;
#endif
}

Determining if the Q_WS_QWS exist failed with the following output:
Change Dir: /home/gun2/catkin_ws/build/CMakeFiles/CMakeTmp

Run Build Command:"/usr/bin/make" "cmTC_5211c/fast"
make[1]: 디렉터리 '/home/gun2/catkin_ws/build/CMakeFiles/CMakeTmp' 들어감
/usr/bin/make -f CMakeFiles/cmTC_5211c.dir/build.make CMakeFiles/cmTC_5211c.dir/build
make[2]: 디렉터리 '/home/gun2/catkin_ws/build/CMakeFiles/CMakeTmp' 들어감
Building CXX object CMakeFiles/cmTC_5211c.dir/CheckSymbolExists.cxx.o
/usr/bin/c++    -I/usr/include/qt4   -o CMakeFiles/cmTC_5211c.dir/CheckSymbolExists.cxx.o -c /home/gun2/catkin_ws/build/CMakeFiles/CMakeTmp/CheckSymbolExists.cxx
/home/gun2/catkin_ws/build/CMakeFiles/CMakeTmp/CheckSymbolExists.cxx: In function ‘int main(int, char**)’:
/home/gun2/catkin_ws/build/CMakeFiles/CMakeTmp/CheckSymbolExists.cxx:8:19: error: ‘Q_WS_QWS’ was not declared in this scope
   return ((int*)(&Q_WS_QWS))[argc];
                   ^
CMakeFiles/cmTC_5211c.dir/build.make:65: 'CMakeFiles/cmTC_5211c.dir/CheckSymbolExists.cxx.o' 타겟에 대한 명령이 실패했습니다
make[2]: *** [CMakeFiles/cmTC_5211c.dir/CheckSymbolExists.cxx.o] 오류 1
make[2]: 디렉터리 '/home/gun2/catkin_ws/build/CMakeFiles/CMakeTmp' 나감
Makefile:126: 'cmTC_5211c/fast' 타겟에 대한 명령이 실패했습니다
make[1]: *** [cmTC_5211c/fast] 오류 2
make[1]: 디렉터리 '/home/gun2/catkin_ws/build/CMakeFiles/CMakeTmp' 나감

File /home/gun2/catkin_ws/build/CMakeFiles/CMakeTmp/CheckSymbolExists.cxx:
/* */
#include <QtCore/qglobal.h>

int main(int argc, char** argv)
{
  (void)argv;
#ifndef Q_WS_QWS
  return ((int*)(&Q_WS_QWS))[argc];
#else
  (void)argc;
  return 0;
#endif
}

Determining if the Q_WS_MAC exist failed with the following output:
Change Dir: /home/gun2/catkin_ws/build/CMakeFiles/CMakeTmp

Run Build Command:"/usr/bin/make" "cmTC_086cd/fast"
make[1]: 디렉터리 '/home/gun2/catkin_ws/build/CMakeFiles/CMakeTmp' 들어감
/usr/bin/make -f CMakeFiles/cmTC_086cd.dir/build.make CMakeFiles/cmTC_086cd.dir/build
make[2]: 디렉터리 '/home/gun2/catkin_ws/build/CMakeFiles/CMakeTmp' 들어감
Building CXX object CMakeFiles/cmTC_086cd.dir/CheckSymbolExists.cxx.o
/usr/bin/c++    -I/usr/include/qt4   -o CMakeFiles/cmTC_086cd.dir/CheckSymbolExists.cxx.o -c /home/gun2/catkin_ws/build/CMakeFiles/CMakeTmp/CheckSymbolExists.cxx
/home/gun2/catkin_ws/build/CMakeFiles/CMakeTmp/CheckSymbolExists.cxx: In function ‘int main(int, char**)’:
/home/gun2/catkin_ws/build/CMakeFiles/CMakeTmp/CheckSymbolExists.cxx:8:19: error: ‘Q_WS_MAC’ was not declared in this scope
   return ((int*)(&Q_WS_MAC))[argc];
                   ^
CMakeFiles/cmTC_086cd.dir/build.make:65: 'CMakeFiles/cmTC_086cd.dir/CheckSymbolExists.cxx.o' 타겟에 대한 명령이 실패했습니다
make[2]: *** [CMakeFiles/cmTC_086cd.dir/CheckSymbolExists.cxx.o] 오류 1
make[2]: 디렉터리 '/home/gun2/catkin_ws/build/CMakeFiles/CMakeTmp' 나감
Makefile:126: 'cmTC_086cd/fast' 타겟에 대한 명령이 실패했습니다
make[1]: *** [cmTC_086cd/fast] 오류 2
make[1]: 디렉터리 '/home/gun2/catkin_ws/build/CMakeFiles/CMakeTmp' 나감

File /home/gun2/catkin_ws/build/CMakeFiles/CMakeTmp/CheckSymbolExists.cxx:
/* */
#include <QtCore/qglobal.h>

int main(int argc, char** argv)
{
  (void)argv;
#ifndef Q_WS_MAC
  return ((int*)(&Q_WS_MAC))[argc];
#else
  (void)argc;
  return 0;
#endif
}

